mode: set
github.com/remogatto/gorgasm/asset.go:12.81,15.16 2 1
github.com/remogatto/gorgasm/asset.go:18.2,18.18 1 1
github.com/remogatto/gorgasm/asset.go:15.16,17.3 1 1
github.com/remogatto/gorgasm/assets.go:30.34,37.2 2 1
github.com/remogatto/gorgasm/assets.go:39.60,41.2 1 0
github.com/remogatto/gorgasm/assets.go:45.39,47.2 1 0
github.com/remogatto/gorgasm/assets.go:51.43,53.2 1 0
github.com/remogatto/gorgasm/assets.go:57.28,58.6 1 1
github.com/remogatto/gorgasm/assets.go:58.6,59.10 1 1
github.com/remogatto/gorgasm/assets.go:60.3,61.16 1 0
github.com/remogatto/gorgasm/assets.go:62.3,63.20 1 0
github.com/remogatto/gorgasm/assets.go:64.3,65.44 1 1
github.com/remogatto/gorgasm/assets.go:66.4,68.53 2 1
github.com/remogatto/gorgasm/gorgasm.go:32.13,42.2 7 1
github.com/remogatto/gorgasm/init.go:19.69,25.16 3 0
github.com/remogatto/gorgasm/init.go:28.2,32.27 2 0
github.com/remogatto/gorgasm/init.go:42.2,51.58 3 0
github.com/remogatto/gorgasm/init.go:58.2,59.68 1 0
github.com/remogatto/gorgasm/init.go:70.2,71.50 1 0
github.com/remogatto/gorgasm/init.go:94.2,94.16 1 0
github.com/remogatto/gorgasm/init.go:97.2,97.12 1 0
github.com/remogatto/gorgasm/init.go:25.16,27.3 1 0
github.com/remogatto/gorgasm/init.go:32.27,38.4 4 0
github.com/remogatto/gorgasm/init.go:51.58,56.4 1 0
github.com/remogatto/gorgasm/init.go:59.68,62.4 2 0
github.com/remogatto/gorgasm/init.go:63.46,65.4 1 0
github.com/remogatto/gorgasm/init.go:66.46,68.4 1 0
github.com/remogatto/gorgasm/init.go:71.50,79.23 3 0
github.com/remogatto/gorgasm/init.go:85.4,85.38 1 0
github.com/remogatto/gorgasm/init.go:88.4,88.38 1 0
github.com/remogatto/gorgasm/init.go:79.23,81.5 1 0
github.com/remogatto/gorgasm/init.go:81.6,83.5 1 0
github.com/remogatto/gorgasm/init.go:85.38,87.5 1 0
github.com/remogatto/gorgasm/init.go:88.38,90.5 1 0
github.com/remogatto/gorgasm/init.go:94.16,96.3 1 0
github.com/remogatto/gorgasm/init.go:100.40,102.16 2 0
github.com/remogatto/gorgasm/init.go:106.2,112.12 6 0
github.com/remogatto/gorgasm/init.go:102.16,104.3 1 0
github.com/remogatto/gorgasm/init.go:112.12,115.3 2 0
